#
# There is insufficient memory for the Java Runtime Environment to continue.
# Native memory allocation (mmap) failed to map 130023424 bytes for G1 virtual space
# Possible reasons:
#   The system is out of physical RAM or swap space
#   The process is running with CompressedOops enabled, and the Java Heap may be blocking the growth of the native heap
# Possible solutions:
#   Reduce memory load on the system
#   Increase physical memory or swap space
#   Check if swap backing store is full
#   Decrease Java heap size (-Xmx/-Xms)
#   Decrease number of Java threads
#   Decrease Java thread stack sizes (-Xss)
#   Set larger code cache with -XX:ReservedCodeCacheSize=
#   JVM is running with Unscaled Compressed Oops mode in which the Java heap is
#     placed in the first 4GB address space. The Java Heap base address is the
#     maximum limit for the native heap growth. Please use -XX:HeapBaseMinAddress
#     to set the Java Heap base and to place the Java Heap above 4GB virtual address.
# This output file may be truncated or incomplete.
#
#  Out of Memory Error (os_windows.cpp:3532), pid=1560, tid=1632
#
# JRE version:  (17.0.2+8) (build )
# Java VM: OpenJDK 64-Bit Server VM (17.0.2+8, mixed mode, sharing, tiered, compressed oops, compressed class ptrs, g1 gc, windows-amd64)
# No core dump will be written. Minidumps are not enabled by default on client versions of Windows
#

---------------  S U M M A R Y ------------

Command Line: C:\Users\zd2N09\AppData\Local\Temp\surefire10534911675478882651\surefirebooter-20231003131213240_3.jar C:\Users\zd2N09\AppData\Local\Temp\surefire10534911675478882651 2023-10-03T13-12-12_746-jvmRun1 surefire-20231003131213240_1tmp surefire_0-20231003131213240_2tmp

Host: AMD Phenom(tm) II X4 955 Processor, 4 cores, 7G,  Windows 10 , 64 bit Build 19041 (10.0.19041.3393)
Time: Tue Oct  3 13:12:13 2023  Windows 10 , 64 bit Build 19041 (10.0.19041.3393) elapsed time: 0.025144 seconds (0d 0h 0m 0s)

---------------  T H R E A D  ---------------

Current thread (0x000002848676b930):  JavaThread "Unknown thread" [_thread_in_vm, id=1632, stack(0x000000f02b700000,0x000000f02b800000)]

Stack: [0x000000f02b700000,0x000000f02b800000]
Native frames: (J=compiled Java code, j=interpreted, Vv=VM code, C=native code)
V  [jvm.dll+0x67564a]
V  [jvm.dll+0x82fc04]
V  [jvm.dll+0x8313ae]
V  [jvm.dll+0x831a13]
V  [jvm.dll+0x245235]
V  [jvm.dll+0x672539]
V  [jvm.dll+0x666e82]
V  [jvm.dll+0x30401b]
V  [jvm.dll+0x30b566]
V  [jvm.dll+0x35b1fe]
V  [jvm.dll+0x35b42f]
V  [jvm.dll+0x2daf58]
V  [jvm.dll+0x2dbec4]
V  [jvm.dll+0x801881]
V  [jvm.dll+0x368f81]
V  [jvm.dll+0x7e0cdc]
V  [jvm.dll+0x3eb8bf]
V  [jvm.dll+0x3ed441]
C  [jli.dll+0x5277]
C  [ucrtbase.dll+0x21bb2]
C  [KERNEL32.DLL+0x17344]
C  [ntdll.dll+0x526b1]


---------------  P R O C E S S  ---------------

Threads class SMR info:
_java_thread_list=0x00007ffb7d345e98, length=0, elements={
}

Java Threads: ( => current thread )

Other Threads:
  0x00000284867a9fb0 GCTaskThread "GC Thread#0" [stack: 0x000000f02b800000,0x000000f02b900000] [id=7652]
  0x00000284867ba6f0 ConcurrentGCThread "G1 Main Marker" [stack: 0x000000f02b900000,0x000000f02ba00000] [id=10188]
  0x00000284867bb8a0 ConcurrentGCThread "G1 Conc#0" [stack: 0x000000f02ba00000,0x000000f02bb00000] [id=3400]

[error occurred during error reporting (printing all threads), id 0xc0000005, EXCEPTION_ACCESS_VIOLATION (0xc0000005) at pc=0x00007ffb7cb1b9d7]

VM state: not at safepoint (not fully initialized)

VM Mutex/Monitor currently owned by a thread:  ([mutex/lock_event])
[0x0000028486767730] Heap_lock - owner thread: 0x000002848676b930

Heap address: 0x0000000084000000, size: 1984 MB, Compressed Oops mode: 32-bit

CDS archive(s) mapped at: [0x0000000000000000-0x0000000000000000-0x0000000000000000), size 0, SharedBaseAddress: 0x0000000800000000, ArchiveRelocationMode: 0.
Narrow klass base: 0x0000000000000000, Narrow klass shift: 0, Narrow klass range: 0x0

GC Precious Log:
<Empty>

Heap:
 garbage-first heap   total 0K, used 0K [0x0000000084000000, 0x0000000100000000)
  region size 1024K, 0 young (0K), 0 survivors (0K)

[error occurred during error reporting (printing heap information), id 0xc0000005, EXCEPTION_ACCESS_VIOLATION (0xc0000005) at pc=0x00007ffb7cefe899]

GC Heap History (0 events):
No events

Deoptimization events (0 events):
No events

Classes unloaded (0 events):
No events

Classes redefined (0 events):
No events

Internal exceptions (0 events):
No events

VM Operations (0 events):
No events

Events (1 events):
Event: 0.008 Loaded shared library C:\Users\zd2N09\pleiades\java\17\bin\java.dll


Dynamic libraries:
0x00007ff652490000 - 0x00007ff65249e000 	C:\Users\zd2N09\pleiades\java\17\bin\java.exe
0x00007ffbb9890000 - 0x00007ffbb9a88000 	C:\WINDOWS\SYSTEM32\ntdll.dll
0x00007ffbb92f0000 - 0x00007ffbb93ad000 	C:\WINDOWS\System32\KERNEL32.DLL
0x00007ffbb7060000 - 0x00007ffbb7356000 	C:\WINDOWS\System32\KERNELBASE.dll
0x00007ffbb7560000 - 0x00007ffbb7660000 	C:\WINDOWS\System32\ucrtbase.dll
0x00007ffba5760000 - 0x00007ffba5779000 	C:\Users\zd2N09\pleiades\java\17\bin\VCRUNTIME140.dll
0x00007ffb7f990000 - 0x00007ffb7f9a8000 	C:\Users\zd2N09\pleiades\java\17\bin\jli.dll
0x00007ffbb8810000 - 0x00007ffbb89ae000 	C:\WINDOWS\System32\USER32.dll
0x00007ffba09b0000 - 0x00007ffba0c4a000 	C:\WINDOWS\WinSxS\amd64_microsoft.windows.common-controls_6595b64144ccf1df_6.0.19041.1110_none_60b5254171f9507e\COMCTL32.dll
0x00007ffbb7360000 - 0x00007ffbb7382000 	C:\WINDOWS\System32\win32u.dll
0x00007ffbb8710000 - 0x00007ffbb87ae000 	C:\WINDOWS\System32\msvcrt.dll
0x00007ffbb86e0000 - 0x00007ffbb870c000 	C:\WINDOWS\System32\GDI32.dll
0x00007ffbb7440000 - 0x00007ffbb755a000 	C:\WINDOWS\System32\gdi32full.dll
0x00007ffbb6fc0000 - 0x00007ffbb705d000 	C:\WINDOWS\System32\msvcp_win.dll
0x00007ffbb9820000 - 0x00007ffbb9850000 	C:\WINDOWS\System32\IMM32.DLL
0x00007ffba3760000 - 0x00007ffba376c000 	C:\Users\zd2N09\pleiades\java\17\bin\vcruntime140_1.dll
0x00007ffba36c0000 - 0x00007ffba3751000 	C:\Users\zd2N09\pleiades\java\17\bin\msvcp140.dll
0x00007ffb7c830000 - 0x00007ffb7d477000 	C:\Users\zd2N09\pleiades\java\17\bin\server\jvm.dll
0x00007ffbb91a0000 - 0x00007ffbb924e000 	C:\WINDOWS\System32\ADVAPI32.dll
0x00007ffbb9250000 - 0x00007ffbb92ec000 	C:\WINDOWS\System32\sechost.dll
0x00007ffbb8f20000 - 0x00007ffbb9046000 	C:\WINDOWS\System32\RPCRT4.dll
0x00007ffbb9130000 - 0x00007ffbb9138000 	C:\WINDOWS\System32\PSAPI.DLL
0x00007ffbac8d0000 - 0x00007ffbac8d9000 	C:\WINDOWS\SYSTEM32\WSOCK32.dll
0x00007ffbb7bf0000 - 0x00007ffbb7c5b000 	C:\WINDOWS\System32\WS2_32.dll
0x00007ffbb0a90000 - 0x00007ffbb0ab7000 	C:\WINDOWS\SYSTEM32\WINMM.dll
0x00007ffbad810000 - 0x00007ffbad81a000 	C:\WINDOWS\SYSTEM32\VERSION.dll
0x00007ffbb4c40000 - 0x00007ffbb4c52000 	C:\WINDOWS\SYSTEM32\kernel.appcore.dll
0x00007ffbb0240000 - 0x00007ffbb024a000 	C:\Users\zd2N09\pleiades\java\17\bin\jimage.dll
0x00007ffbb0f90000 - 0x00007ffbb1174000 	C:\WINDOWS\SYSTEM32\DBGHELP.DLL
0x00007ffbb0f20000 - 0x00007ffbb0f54000 	C:\WINDOWS\SYSTEM32\dbgcore.DLL
0x00007ffbb7690000 - 0x00007ffbb7712000 	C:\WINDOWS\System32\bcryptPrimitives.dll
0x00007ffb7c800000 - 0x00007ffb7c825000 	C:\Users\zd2N09\pleiades\java\17\bin\java.dll

dbghelp: loaded successfully - version: 4.0.5 - missing functions: none
symbol engine: initialized successfully - sym options: 0x614 - pdb path: .;C:\Users\zd2N09\pleiades\java\17\bin;C:\WINDOWS\SYSTEM32;C:\WINDOWS\WinSxS\amd64_microsoft.windows.common-controls_6595b64144ccf1df_6.0.19041.1110_none_60b5254171f9507e;C:\Users\zd2N09\pleiades\java\17\bin\server

VM Arguments:
java_command: C:\Users\zd2N09\AppData\Local\Temp\surefire10534911675478882651\surefirebooter-20231003131213240_3.jar C:\Users\zd2N09\AppData\Local\Temp\surefire10534911675478882651 2023-10-03T13-12-12_746-jvmRun1 surefire-20231003131213240_1tmp surefire_0-20231003131213240_2tmp
java_class_path (initial): C:\Users\zd2N09\AppData\Local\Temp\surefire10534911675478882651\surefirebooter-20231003131213240_3.jar
Launcher Type: SUN_STANDARD

[Global flags]
     intx CICompilerCount                          = 3                                         {product} {ergonomic}
     uint ConcGCThreads                            = 1                                         {product} {ergonomic}
     uint G1ConcRefinementThreads                  = 4                                         {product} {ergonomic}
   size_t G1HeapRegionSize                         = 1048576                                   {product} {ergonomic}
    uintx GCDrainStackTargetSize                   = 64                                        {product} {ergonomic}
   size_t InitialHeapSize                          = 130023424                                 {product} {ergonomic}
   size_t MarkStackSize                            = 4194304                                   {product} {ergonomic}
   size_t MaxHeapSize                              = 2080374784                                {product} {ergonomic}
   size_t MinHeapDeltaBytes                        = 1048576                                   {product} {ergonomic}
   size_t MinHeapSize                              = 8388608                                   {product} {ergonomic}
    uintx NonNMethodCodeHeapSize                   = 5832780                                {pd product} {ergonomic}
    uintx NonProfiledCodeHeapSize                  = 122912730                              {pd product} {ergonomic}
    uintx ProfiledCodeHeapSize                     = 122912730                              {pd product} {ergonomic}
    uintx ReservedCodeCacheSize                    = 251658240                              {pd product} {ergonomic}
     bool SegmentedCodeCache                       = true                                      {product} {ergonomic}
   size_t SoftMaxHeapSize                          = 2080374784                             {manageable} {ergonomic}
     bool UseCompressedClassPointers               = true                           {product lp64_product} {ergonomic}
     bool UseCompressedOops                        = true                           {product lp64_product} {ergonomic}
     bool UseG1GC                                  = true                                      {product} {ergonomic}
     bool UseLargePagesIndividualAllocation        = false                                  {pd product} {ergonomic}

Logging:
Log output configuration:
 #0: stdout all=warning uptime,level,tags
 #1: stderr all=off uptime,level,tags

Environment Variables:
JAVA_HOME=C:\Program Files\Java\jdk1.8.0_191
PATH=C:/Users/zd2N09/pleiades/java/17/bin/server;C:/Users/zd2N09/pleiades/java/17/bin;C:\Program Files\Common Files\Microsoft Shared\Windows Live;C:\Program Files (x86)\Common Files\Microsoft Shared\Windows Live;C:\WINDOWS\system32;C:\WINDOWS;C:\WINDOWS\System32\Wbem;C:\WINDOWS\System32\WindowsPowerShell\v1.0\;C:\Program Files (x86)\ATI Technologies\ATI.ACE\Core-Static;C:\Program Files (x86)\Windows Live\Shared;C:\Program Files\vim;C:\Program Files\Sublime Text 3;C:\Ruby22-x64\bin\;C:\Users\zd1G22\AppData\Roaming\npm\;D:\Program Files\Microsoft VS Code\bin;C:\WINDOWS\system32;C:\WINDOWS;C:\WINDOWS\System32\Wbem;C:\WINDOWS\System32\WindowsPowerShell\v1.0\;C:\WINDOWS\System32\OpenSSH\;C:\Program Files\nodejs\;D:\Program Files\WinMerge;C:\Users\zd2N09\AppData\Local\Microsoft\WindowsApps;C:\Users\zd2N09\AppData\Local\Programs\Microsoft VS Code\bin;C:\Users\zd2N09\AppData\Local\Programs\Git\cmd;C:\Users\zd2N09\pleiades\eclipse;
USERNAME=zd2N09
OS=Windows_NT
PROCESSOR_IDENTIFIER=AMD64 Family 16 Model 4 Stepping 3, AuthenticAMD



---------------  S Y S T E M  ---------------

OS:
 Windows 10 , 64 bit Build 19041 (10.0.19041.3393)
OS uptime: 5 days 18:07 hours

CPU: total 4 (initial active 4) (4 cores per cpu, 1 threads per core) family 16 model 4 stepping 3 microcode 0x0, cx8, cmov, fxsr, mmx, 3dnowpref, sse, sse2, sse3, sse4a, popcnt, lzcnt, tsc, tscinvbit, clflush

Memory: 4k page, system-wide physical 7935M (904M free)
TotalPageFile size 7935M (AvailPageFile size 120M)
current process WorkingSet (physical memory assigned to process): 10M, peak: 10M
current process commit charge ("private bytes"): 51M, peak: 175M

vm_info: OpenJDK 64-Bit Server VM (17.0.2+8) for windows-amd64 JRE (17.0.2+8), built on Jan 20 2022 04:52:34 by "" with MS VC++ 16.7 (VS2019)

END.
